2021-04-15 22:04:53,672 INFO server.py Запущен сервер, порт для подключений: 7777, адрес с которого принимаются подключения: 127.0.0.1. Если адрес не указан, принимаются соединения с любых адресов.
2021-04-15 22:23:20,163 INFO server.py Запущен сервер, порт для подключений: 7777, адрес с которого принимаются подключения: 127.0.0.1. Если адрес не указан, принимаются соединения с любых адресов.
2021-04-15 22:25:36,051 INFO server.py Запущен сервер, порт для подключений: 7777, адрес с которого принимаются подключения: 127.0.0.1. Если адрес не указан, принимаются соединения с любых адресов.
2021-04-16 00:38:01,205 INFO server.py Запущен сервер, порт для подключений: 7777, адрес с которого принимаются подключения: 127.0.0.1. Если адрес не указан, принимаются соединения с любых адресов.
2021-04-16 00:38:35,155 INFO server.py Запущен сервер, порт для подключений: 7777, адрес с которого принимаются подключения: 127.0.0.1. Если адрес не указан, принимаются соединения с любых адресов.
2021-04-16 00:39:01,870 INFO server.py Запущен сервер, порт для подключений: 7777, адрес с которого принимаются подключения: 127.0.0.1. Если адрес не указан, принимаются соединения с любых адресов.
2021-04-16 00:40:13,086 INFO server.py Запущен сервер, порт для подключений: 7777, адрес с которого принимаются подключения: 127.0.0.1. Если адрес не указан, принимаются соединения с любых адресов.
2021-04-16 00:40:25,476 INFO server.py Установлено соединение с ПК ('127.0.0.1', 55573)
2021-04-16 00:40:25,476 INFO server.py Есть сообщения от клиентов
2021-04-16 00:40:25,476 INFO server.py Разбор сообщения от клиента : {'action': 'presence', 'time': 1618522825.4762926, 'user': {'account_name': 'KIBORG2'}}
2021-04-16 00:40:25,514 INFO server.py Cформирован ответ клиенту {'response': 200}
2021-04-16 00:40:25,515 INFO server.py Установлено соединение с ПК ('127.0.0.1', 55574)
2021-04-16 00:40:25,515 INFO server.py Есть сообщения от клиентов
2021-04-16 00:40:25,515 INFO server.py Разбор сообщения от клиента : {'action': 'presence', 'time': 1618522825.478293, 'user': {'account_name': 'KIBORG1'}}
2021-04-16 00:40:25,566 INFO server.py Cформирован ответ клиенту {'response': 200}
2021-04-16 00:40:26,067 INFO server.py Есть сообщения от клиентов
2021-04-16 00:40:26,067 INFO server.py Разбор сообщения от клиента : {'action': 'get_users', 'time': 1618522825.5662935, 'account_name': 'KIBORG2'}
2021-04-16 00:40:26,077 INFO server.py Разбор сообщения от клиента : {'action': 'get_users', 'time': 1618522825.6172938, 'account_name': 'KIBORG1'}
2021-04-16 00:40:26,578 INFO server.py Есть сообщения от клиентов
2021-04-16 00:40:26,578 INFO server.py Разбор сообщения от клиента : {'action': 'get_contacts', 'time': 1618522826.1000798, 'user': 'KIBORG2'}
2021-04-16 00:40:26,582 INFO server.py Разбор сообщения от клиента : {'action': 'get_contacts', 'time': 1618522826.098079, 'user': 'KIBORG1'}
2021-04-16 00:41:02,620 INFO server.py Есть сообщения от клиентов
2021-04-16 00:41:02,620 INFO server.py Разбор сообщения от клиента : {'action': 'message', 'sender': 'KIBORG1', 'to': 'KIBORG2', 'time': 1618522862.615137, 'mess_text': 'Привет, железяка!'}
2021-04-16 00:41:02,621 ERROR server_database.py process_message не нашел пользователя "sender" в таблице ChatUsers
2021-04-16 00:41:02,622 INFO server.py Сообщение от клиента добавлено в очередь
2021-04-16 00:41:02,622 INFO server.py Отправлено сообщение пользователю KIBORG2 от пользователя KIBORG1.
2021-04-16 00:45:30,960 INFO server.py Запущен сервер, порт для подключений: 7777, адрес с которого принимаются подключения: 127.0.0.1. Если адрес не указан, принимаются соединения с любых адресов.
2021-04-16 00:46:00,243 INFO server.py Запущен сервер, порт для подключений: 7777, адрес с которого принимаются подключения: 127.0.0.1. Если адрес не указан, принимаются соединения с любых адресов.
2021-04-16 00:48:20,748 INFO server.py Запущен сервер, порт для подключений: 7777, адрес с которого принимаются подключения: 127.0.0.1. Если адрес не указан, принимаются соединения с любых адресов.
2021-04-16 00:49:20,076 INFO server.py Запущен сервер, порт для подключений: 7777, адрес с которого принимаются подключения: 127.0.0.1. Если адрес не указан, принимаются соединения с любых адресов.
