2021-03-29 21:57:19,849 INFO client.py Запущен клиент с парамертами: адрес сервера: 127.0.0.1, порт: 7777
2021-03-29 21:57:19,890 DEBUG decorator.py Была вызвана функция start c параметрами (<__main__.JIMClient object at 0x035983D0>, '127.0.0.1', 7777, 'MASHA'), {}. Используемый модуль: __main__ и функция main(). Также была вызвана функция main.
2021-03-29 21:57:19,894 DEBUG decorator.py Была вызвана функция create_presence c параметрами (<class '__main__.JIMClient'>, 'MASHA'), {}. Используемый модуль: __main__ и функция main(). Также была вызвана функция start.
2021-03-29 21:57:19,894 DEBUG client.py Сформировано presence сообщение для пользователя MASHA
2021-03-29 21:57:19,896 DEBUG decorator.py Была вызвана функция send_message c параметрами (<common.json_messenger.JSONMessenger object at 0x03598598>, {'action': 'presence', 'time': 1617044239.8949337, 'user': {'account_name': 'MASHA'}}), {}. Используемый модуль: common.json_messenger и функция main(). Также была вызвана функция start.
2021-03-29 21:57:19,898 DEBUG decorator.py Была вызвана функция get_message c параметрами (<common.json_messenger.JSONMessenger object at 0x03598598>,), {}. Используемый модуль: common.json_messenger и функция main(). Также была вызвана функция start.
2021-03-29 21:57:20,404 DEBUG decorator.py Была вызвана функция process_ans c параметрами (<class '__main__.JIMClient'>, {'response': 200}), {}. Используемый модуль: __main__ и функция main(). Также была вызвана функция start.
2021-03-29 21:57:20,404 DEBUG client.py Разбор сообщения от сервера: {'response': 200}
2021-03-29 21:57:20,404 INFO client.py Принят ответ от сервера Подключение к серверу установлено!
2021-03-29 21:57:20,406 DEBUG client.py Запущены процессы
2021-03-29 21:57:20,424 DEBUG decorator.py Была вызвана функция message_from_server c параметрами (<__main__.JIMClient object at 0x035983D0>,), {}. Используемый модуль: __main__ и функция self._bootstrap_inner(). Также была вызвана функция listen_func.
2021-03-29 21:57:20,427 DEBUG decorator.py Была вызвана функция get_message c параметрами (<common.json_messenger.JSONMessenger object at 0x03598598>,), {}. Используемый модуль: common.json_messenger и функция self._bootstrap_inner(). Также была вызвана функция message_from_server.
2021-03-29 21:57:39,338 DEBUG decorator.py Была вызвана функция stop c параметрами (<__main__.JIMClient object at 0x035983D0>,), {}. Используемый модуль: __main__ и функция self._bootstrap_inner(). Также была вызвана функция sender_func.
2021-03-29 21:57:39,338 INFO client.py Завершение работы по команде пользователя.
2021-03-29 21:57:39,339 ERROR client.py Соединение с сервером 127.0.0.1 было потеряно.
2021-03-29 21:58:10,255 INFO client.py Запущен клиент с парамертами: адрес сервера: 127.0.0., порт: 7777
2021-03-29 21:58:10,294 DEBUG decorator.py Была вызвана функция start c параметрами (<__main__.JIMClient object at 0x032A83D0>, '127.0.0.', 7777, 'MASHA'), {}. Используемый модуль: __main__ и функция main(). Также была вызвана функция main.
2021-03-30 00:09:03,256 INFO client.py Запущен клиент с парамертами: адрес сервера: 127.0.0.1, порт: 7777
2021-03-30 00:09:03,339 DEBUG decorator.py Была вызвана функция create_presence c параметрами (<class '__main__.JIMClient'>, 'GLASHA'), {}. Используемый модуль: __main__ и функция main(). Также была вызвана функция start.
2021-03-30 00:09:03,400 INFO client.py Запущен клиент с парамертами: адрес сервера: 127.0.0.1, порт: 7777
2021-03-30 00:09:03,403 INFO client.py Запущен клиент с парамертами: адрес сервера: 127.0.0.1, порт: 7777
2021-03-30 00:09:03,536 DEBUG decorator.py Была вызвана функция create_presence c параметрами (<class '__main__.JIMClient'>, 'DASHA'), {}. Используемый модуль: __main__ и функция main(). Также была вызвана функция start.
2021-03-30 00:09:03,561 DEBUG decorator.py Была вызвана функция create_presence c параметрами (<class '__main__.JIMClient'>, 'MASHA'), {}. Используемый модуль: __main__ и функция main(). Также была вызвана функция start.
2021-03-30 00:09:18,666 INFO client.py Запущен клиент с парамертами: адрес сервера: 127.0.0.1, порт: 7777
2021-03-30 00:09:18,678 INFO client.py Запущен клиент с парамертами: адрес сервера: 127.0.0.1, порт: 7777
2021-03-30 00:09:18,686 INFO client.py Запущен клиент с парамертами: адрес сервера: 127.0.0.1, порт: 7777
2021-03-30 00:09:18,734 DEBUG decorator.py Была вызвана функция create_presence c параметрами (<class '__main__.JIMClient'>, 'MASHA'), {}. Используемый модуль: __main__ и функция main(). Также была вызвана функция start.
2021-03-30 00:09:18,748 DEBUG decorator.py Была вызвана функция create_presence c параметрами (<class '__main__.JIMClient'>, 'GLASHA'), {}. Используемый модуль: __main__ и функция main(). Также была вызвана функция start.
2021-03-30 00:09:18,756 DEBUG decorator.py Была вызвана функция create_presence c параметрами (<class '__main__.JIMClient'>, 'DASHA'), {}. Используемый модуль: __main__ и функция main(). Также была вызвана функция start.
2021-03-30 00:09:46,272 INFO client.py Запущен клиент с парамертами: адрес сервера: 127.0.0.1, порт: 7777
2021-03-30 00:09:46,274 INFO client.py Запущен клиент с парамертами: адрес сервера: 127.0.0.1, порт: 7777
2021-03-30 00:09:46,274 INFO client.py Запущен клиент с парамертами: адрес сервера: 127.0.0.1, порт: 7777
2021-03-30 00:09:47,328 DEBUG decorator.py Была вызвана функция create_presence c параметрами (<class '__main__.JIMClient'>, 'DASHA'), {}. Используемый модуль: __main__ и функция main(). Также была вызвана функция start.
2021-03-30 00:09:47,330 DEBUG decorator.py Была вызвана функция create_presence c параметрами (<class '__main__.JIMClient'>, 'MASHA'), {}. Используемый модуль: __main__ и функция main(). Также была вызвана функция start.
2021-03-30 00:09:47,333 DEBUG decorator.py Была вызвана функция create_presence c параметрами (<class '__main__.JIMClient'>, 'GLASHA'), {}. Используемый модуль: __main__ и функция main(). Также была вызвана функция start.
2021-03-30 00:10:14,796 INFO client.py Запущен клиент с парамертами: адрес сервера: 127.0.0.1, порт: 7777
2021-03-30 00:10:14,800 INFO client.py Запущен клиент с парамертами: адрес сервера: 127.0.0.1, порт: 7777
2021-03-30 00:10:14,801 INFO client.py Запущен клиент с парамертами: адрес сервера: 127.0.0.1, порт: 7777
2021-03-30 00:10:15,848 DEBUG decorator.py Была вызвана функция create_presence c параметрами (<class '__main__.JIMClient'>, 'GLASHA'), {}. Используемый модуль: __main__ и функция main(). Также была вызвана функция start.
2021-03-30 00:10:15,854 DEBUG decorator.py Была вызвана функция create_presence c параметрами (<class '__main__.JIMClient'>, 'MASHA'), {}. Используемый модуль: __main__ и функция main(). Также была вызвана функция start.
2021-03-30 00:10:15,854 DEBUG decorator.py Была вызвана функция create_presence c параметрами (<class '__main__.JIMClient'>, 'DASHA'), {}. Используемый модуль: __main__ и функция main(). Также была вызвана функция start.
2021-03-30 00:11:17,705 INFO client.py Запущен клиент с парамертами: адрес сервера: 127.0.0.1, порт: 7777
2021-03-30 00:11:17,749 DEBUG decorator.py Была вызвана функция create_presence c параметрами (<class '__main__.JIMClient'>, 'MASHA'), {}. Используемый модуль: __main__ и функция main(). Также была вызвана функция start.
2021-03-30 00:13:22,392 INFO client.py Запущен клиент с парамертами: адрес сервера: 127.0.0.1, порт: 7777
2021-03-30 00:13:22,435 DEBUG decorator.py Была вызвана функция create_presence c параметрами (<class '__main__.JIMClient'>, 'MASHA'), {}. Используемый модуль: __main__ и функция main(). Также была вызвана функция start.
2021-03-30 00:13:22,435 DEBUG client.py Сформировано presence сообщение для пользователя MASHA
2021-03-30 00:13:22,436 DEBUG decorator.py Была вызвана функция send_message c параметрами (<common.json_messenger.JSONMessenger object at 0x03E265B0>, {'action': 'presence', 'time': 1617052402.4350026, 'user': {'account_name': 'MASHA'}}), {}. Используемый модуль: common.json_messenger и функция main(). Также была вызвана функция start.
2021-03-30 00:13:22,438 DEBUG decorator.py Была вызвана функция get_message c параметрами (<common.json_messenger.JSONMessenger object at 0x03E265B0>,), {}. Используемый модуль: common.json_messenger и функция main(). Также была вызвана функция start.
2021-03-30 00:18:41,478 INFO client.py Запущен клиент с парамертами: адрес сервера: 127.0.0.1, порт: 7777
2021-03-30 00:18:41,520 DEBUG decorator.py Была вызвана функция create_presence c параметрами (<class '__main__.JIMClient'>, 'MASHA'), {}. Используемый модуль: __main__ и функция main(). Также была вызвана функция start.
2021-03-30 00:18:41,521 DEBUG client.py Сформировано presence сообщение для пользователя MASHA
2021-03-30 00:18:41,522 DEBUG decorator.py Была вызвана функция send_message c параметрами (<common.json_messenger.JSONMessenger object at 0x03E665B0>, {'action': 'presence', 'time': 1617052721.5214949, 'user': {'account_name': 'MASHA'}}), {}. Используемый модуль: common.json_messenger и функция main(). Также была вызвана функция start.
2021-03-30 00:18:41,524 DEBUG decorator.py Была вызвана функция get_message c параметрами (<common.json_messenger.JSONMessenger object at 0x03E665B0>,), {}. Используемый модуль: common.json_messenger и функция main(). Также была вызвана функция start.
2021-03-30 00:25:55,705 DEBUG decorator.py Была вызвана функция create_presence c параметрами (<class '__main__.JIMClient'>, 'саоа'), {}. Используемый модуль: __main__ и функция main(). Также была вызвана функция start.
2021-03-30 00:25:55,705 DEBUG client.py Сформировано presence сообщение для пользователя саоа
2021-03-30 00:25:55,707 DEBUG decorator.py Была вызвана функция send_message c параметрами (<common.json_messenger.JSONMessenger object at 0x03892430>, {'action': 'presence', 'time': 1617053155.7053506, 'user': {'account_name': 'саоа'}}), {}. Используемый модуль: common.json_messenger и функция main(). Также была вызвана функция start.
2021-03-30 00:25:55,708 DEBUG decorator.py Была вызвана функция get_message c параметрами (<common.json_messenger.JSONMessenger object at 0x03892430>,), {}. Используемый модуль: common.json_messenger и функция main(). Также была вызвана функция start.
2021-03-30 00:27:16,700 DEBUG decorator.py Была вызвана функция process_ans c параметрами (<class '__main__.JIMClient'>, {'response': 200}), {}. Используемый модуль: __main__ и функция main(). Также была вызвана функция start.
2021-03-30 00:27:16,700 DEBUG client.py Разбор сообщения от сервера: {'response': 200}
2021-03-30 00:27:16,700 INFO client.py Принят ответ от сервера Подключение к серверу установлено!
2021-03-30 00:27:16,703 DEBUG client.py Запущены процессы
2021-03-30 00:27:16,708 DEBUG decorator.py Была вызвана функция message_from_server c параметрами (<__main__.JIMClient object at 0x03892418>,), {}. Используемый модуль: __main__ и функция self._bootstrap_inner(). Также была вызвана функция listen_func.
2021-03-30 00:27:16,711 DEBUG decorator.py Была вызвана функция get_message c параметрами (<common.json_messenger.JSONMessenger object at 0x03892430>,), {}. Используемый модуль: common.json_messenger и функция self._bootstrap_inner(). Также была вызвана функция message_from_server.
2021-03-30 00:34:56,797 INFO client.py Запущен клиент с парамертами: адрес сервера: 127.0.0.1, порт: 7777
2021-03-30 00:34:56,841 DEBUG decorator.py Была вызвана функция create_presence c параметрами (<class '__main__.JIMClient'>, 'MASHA'), {}. Используемый модуль: __main__ и функция main(). Также была вызвана функция start.
2021-03-30 00:34:56,842 DEBUG client.py Сформировано presence сообщение для пользователя MASHA
2021-03-30 00:34:56,843 DEBUG decorator.py Была вызвана функция send_message c параметрами (<common.json_messenger.JSONMessenger object at 0x036915B0>, {'action': 'presence', 'time': 1617053696.842562, 'user': {'account_name': 'MASHA'}}), {}. Используемый модуль: common.json_messenger и функция main(). Также была вызвана функция start.
2021-03-30 00:34:56,845 DEBUG decorator.py Была вызвана функция get_message c параметрами (<common.json_messenger.JSONMessenger object at 0x036915B0>,), {}. Используемый модуль: common.json_messenger и функция main(). Также была вызвана функция start.
2021-03-30 00:34:57,346 DEBUG decorator.py Была вызвана функция process_ans c параметрами (<class '__main__.JIMClient'>, {'response': 200}), {}. Используемый модуль: __main__ и функция main(). Также была вызвана функция start.
2021-03-30 00:34:57,346 DEBUG client.py Разбор сообщения от сервера: {'response': 200}
2021-03-30 00:34:57,346 INFO client.py Принят ответ от сервера Подключение к серверу установлено!
2021-03-30 00:34:57,349 DEBUG client.py Запущены процессы
2021-03-30 00:34:57,352 DEBUG decorator.py Была вызвана функция message_from_server c параметрами (<__main__.JIMClient object at 0x03691598>,), {}. Используемый модуль: __main__ и функция self._bootstrap_inner(). Также была вызвана функция listen_func.
2021-03-30 00:34:57,354 DEBUG decorator.py Была вызвана функция get_message c параметрами (<common.json_messenger.JSONMessenger object at 0x036915B0>,), {}. Используемый модуль: common.json_messenger и функция self._bootstrap_inner(). Также была вызвана функция message_from_server.
2021-03-30 00:35:23,225 DEBUG decorator.py Была вызвана функция send_message c параметрами (<__main__.JIMClient object at 0x03691598>, 'dlkfj', 'MASHA'), {}. Используемый модуль: __main__ и функция self._bootstrap_inner(). Также была вызвана функция sender_func.
2021-03-30 00:35:23,228 DEBUG decorator.py Была вызвана функция create_message c параметрами (<class '__main__.JIMClient'>, 'dlkfj', 'MASHA', 'MASHA'), {}. Используемый модуль: common.jimbase и функция self._bootstrap_inner(). Также была вызвана функция send_message.
2021-03-30 00:35:23,228 DEBUG jimbase.py Сформирован словарь сообщения: {'action': 'message', 'sender': 'MASHA', 'to': 'MASHA', 'time': 1617053723.2281692, 'mess_text': 'dlkfj'}
2021-03-30 00:35:23,231 DEBUG decorator.py Была вызвана функция send_message c параметрами (<common.json_messenger.JSONMessenger object at 0x036915B0>, {'action': 'message', 'sender': 'MASHA', 'to': 'MASHA', 'time': 1617053723.2281692, 'mess_text': 'dlkfj'}), {}. Используемый модуль: common.json_messenger и функция self._bootstrap_inner(). Также была вызвана функция send_message.
2021-03-30 00:35:23,380 INFO client.py Получено сообщение от пользователя MASHA:
dlkfj
2021-03-30 00:35:23,384 DEBUG decorator.py Была вызвана функция message_from_server c параметрами (<__main__.JIMClient object at 0x03691598>,), {}. Используемый модуль: __main__ и функция self._bootstrap_inner(). Также была вызвана функция listen_func.
2021-03-30 00:35:23,387 DEBUG decorator.py Была вызвана функция get_message c параметрами (<common.json_messenger.JSONMessenger object at 0x036915B0>,), {}. Используемый модуль: common.json_messenger и функция self._bootstrap_inner(). Также была вызвана функция message_from_server.
2021-03-30 00:35:33,336 DEBUG decorator.py Была вызвана функция send_message c параметрами (<__main__.JIMClient object at 0x03691598>, 'dlsajk', 'MASHA'), {}. Используемый модуль: __main__ и функция self._bootstrap_inner(). Также была вызвана функция sender_func.
2021-03-30 00:35:33,339 DEBUG decorator.py Была вызвана функция create_message c параметрами (<class '__main__.JIMClient'>, 'dlsajk', 'MASHA', 'MASHA'), {}. Используемый модуль: common.jimbase и функция self._bootstrap_inner(). Также была вызвана функция send_message.
2021-03-30 00:35:33,339 DEBUG jimbase.py Сформирован словарь сообщения: {'action': 'message', 'sender': 'MASHA', 'to': 'MASHA', 'time': 1617053733.339104, 'mess_text': 'dlsajk'}
2021-03-30 00:35:33,342 DEBUG decorator.py Была вызвана функция send_message c параметрами (<common.json_messenger.JSONMessenger object at 0x036915B0>, {'action': 'message', 'sender': 'MASHA', 'to': 'MASHA', 'time': 1617053733.339104, 'mess_text': 'dlsajk'}), {}. Используемый модуль: common.json_messenger и функция self._bootstrap_inner(). Также была вызвана функция send_message.
2021-03-30 00:35:33,398 INFO client.py Получено сообщение от пользователя MASHA:
dlsajk
2021-03-30 00:35:33,401 DEBUG decorator.py Была вызвана функция message_from_server c параметрами (<__main__.JIMClient object at 0x03691598>,), {}. Используемый модуль: __main__ и функция self._bootstrap_inner(). Также была вызвана функция listen_func.
2021-03-30 00:35:33,404 DEBUG decorator.py Была вызвана функция get_message c параметрами (<common.json_messenger.JSONMessenger object at 0x036915B0>,), {}. Используемый модуль: common.json_messenger и функция self._bootstrap_inner(). Также была вызвана функция message_from_server.
2021-03-30 00:35:35,953 DEBUG decorator.py Была вызвана функция stop c параметрами (<__main__.JIMClient object at 0x03691598>,), {}. Используемый модуль: __main__ и функция self._bootstrap_inner(). Также была вызвана функция sender_func.
2021-03-30 00:35:35,953 INFO client.py Завершение работы по команде пользователя.
2021-03-30 00:35:35,954 ERROR client.py Соединение с сервером 127.0.0.1 было потеряно.
2021-03-30 00:36:15,581 INFO client.py Запущен клиент с парамертами: адрес сервера: 127.0.0.1, порт: 7777
2021-03-30 00:36:15,584 INFO client.py Запущен клиент с парамертами: адрес сервера: 127.0.0.1, порт: 7777
2021-03-30 00:36:15,597 INFO client.py Запущен клиент с парамертами: адрес сервера: 127.0.0.1, порт: 7777
2021-03-30 00:36:16,640 DEBUG decorator.py Была вызвана функция create_presence c параметрами (<class '__main__.JIMClient'>, 'GLASHA'), {}. Используемый модуль: __main__ и функция main(). Также была вызвана функция start.
2021-03-30 00:36:16,640 DEBUG client.py Сформировано presence сообщение для пользователя GLASHA
2021-03-30 00:36:16,641 DEBUG decorator.py Была вызвана функция create_presence c параметрами (<class '__main__.JIMClient'>, 'DASHA'), {}. Используемый модуль: __main__ и функция main(). Также была вызвана функция start.
2021-03-30 00:36:16,641 DEBUG client.py Сформировано presence сообщение для пользователя DASHA
2021-03-30 00:36:16,642 DEBUG decorator.py Была вызвана функция send_message c параметрами (<common.json_messenger.JSONMessenger object at 0x03A82448>, {'action': 'presence', 'time': 1617053776.6408384, 'user': {'account_name': 'GLASHA'}}), {}. Используемый модуль: common.json_messenger и функция main(). Также была вызвана функция start.
2021-03-30 00:36:16,643 DEBUG decorator.py Была вызвана функция send_message c параметрами (<common.json_messenger.JSONMessenger object at 0x03A82448>, {'action': 'presence', 'time': 1617053776.6418135, 'user': {'account_name': 'DASHA'}}), {}. Используемый модуль: common.json_messenger и функция main(). Также была вызвана функция start.
2021-03-30 00:36:16,645 DEBUG decorator.py Была вызвана функция get_message c параметрами (<common.json_messenger.JSONMessenger object at 0x03A82448>,), {}. Используемый модуль: common.json_messenger и функция main(). Также была вызвана функция start.
2021-03-30 00:36:16,645 DEBUG decorator.py Была вызвана функция get_message c параметрами (<common.json_messenger.JSONMessenger object at 0x03A82448>,), {}. Используемый модуль: common.json_messenger и функция main(). Также была вызвана функция start.
2021-03-30 00:36:16,646 DEBUG decorator.py Была вызвана функция create_presence c параметрами (<class '__main__.JIMClient'>, 'MASHA'), {}. Используемый модуль: __main__ и функция main(). Также была вызвана функция start.
2021-03-30 00:36:16,646 DEBUG client.py Сформировано presence сообщение для пользователя MASHA
2021-03-30 00:36:16,648 DEBUG decorator.py Была вызвана функция send_message c параметрами (<common.json_messenger.JSONMessenger object at 0x035D2448>, {'action': 'presence', 'time': 1617053776.6468139, 'user': {'account_name': 'MASHA'}}), {}. Используемый модуль: common.json_messenger и функция main(). Также была вызвана функция start.
2021-03-30 00:36:16,649 DEBUG decorator.py Была вызвана функция get_message c параметрами (<common.json_messenger.JSONMessenger object at 0x035D2448>,), {}. Используемый модуль: common.json_messenger и функция main(). Также была вызвана функция start.
2021-03-30 00:36:17,146 DEBUG decorator.py Была вызвана функция process_ans c параметрами (<class '__main__.JIMClient'>, {'response': 200}), {}. Используемый модуль: __main__ и функция main(). Также была вызвана функция start.
2021-03-30 00:36:17,146 DEBUG client.py Разбор сообщения от сервера: {'response': 200}
2021-03-30 00:36:17,146 INFO client.py Принят ответ от сервера Подключение к серверу установлено!
2021-03-30 00:36:17,148 DEBUG client.py Запущены процессы
2021-03-30 00:36:17,152 DEBUG decorator.py Была вызвана функция message_from_server c параметрами (<__main__.JIMClient object at 0x03A82430>,), {}. Используемый модуль: __main__ и функция self._bootstrap_inner(). Также была вызвана функция listen_func.
2021-03-30 00:36:17,153 DEBUG decorator.py Была вызвана функция process_ans c параметрами (<class '__main__.JIMClient'>, {'response': 200}), {}. Используемый модуль: __main__ и функция main(). Также была вызвана функция start.
2021-03-30 00:36:17,153 DEBUG client.py Разбор сообщения от сервера: {'response': 200}
2021-03-30 00:36:17,153 INFO client.py Принят ответ от сервера Подключение к серверу установлено!
2021-03-30 00:36:17,155 DEBUG decorator.py Была вызвана функция get_message c параметрами (<common.json_messenger.JSONMessenger object at 0x03A82448>,), {}. Используемый модуль: common.json_messenger и функция self._bootstrap_inner(). Также была вызвана функция message_from_server.
2021-03-30 00:36:17,155 DEBUG client.py Запущены процессы
2021-03-30 00:36:17,159 DEBUG decorator.py Была вызвана функция message_from_server c параметрами (<__main__.JIMClient object at 0x03A82430>,), {}. Используемый модуль: __main__ и функция self._bootstrap_inner(). Также была вызвана функция listen_func.
2021-03-30 00:36:17,160 DEBUG decorator.py Была вызвана функция process_ans c параметрами (<class '__main__.JIMClient'>, {'response': 200}), {}. Используемый модуль: __main__ и функция main(). Также была вызвана функция start.
2021-03-30 00:36:17,160 DEBUG client.py Разбор сообщения от сервера: {'response': 200}
2021-03-30 00:36:17,160 INFO client.py Принят ответ от сервера Подключение к серверу установлено!
2021-03-30 00:36:17,162 DEBUG decorator.py Была вызвана функция get_message c параметрами (<common.json_messenger.JSONMessenger object at 0x03A82448>,), {}. Используемый модуль: common.json_messenger и функция self._bootstrap_inner(). Также была вызвана функция message_from_server.
2021-03-30 00:36:17,162 DEBUG client.py Запущены процессы
2021-03-30 00:36:17,165 DEBUG decorator.py Была вызвана функция message_from_server c параметрами (<__main__.JIMClient object at 0x035D2430>,), {}. Используемый модуль: __main__ и функция self._bootstrap_inner(). Также была вызвана функция listen_func.
2021-03-30 00:36:17,167 DEBUG decorator.py Была вызвана функция get_message c параметрами (<common.json_messenger.JSONMessenger object at 0x035D2448>,), {}. Используемый модуль: common.json_messenger и функция self._bootstrap_inner(). Также была вызвана функция message_from_server.
2021-03-30 00:36:36,111 DEBUG decorator.py Была вызвана функция send_message c параметрами (<__main__.JIMClient object at 0x03A82430>, 'dfglkj', 'DASHA'), {}. Используемый модуль: __main__ и функция self._bootstrap_inner(). Также была вызвана функция sender_func.
2021-03-30 00:36:36,114 DEBUG decorator.py Была вызвана функция create_message c параметрами (<class '__main__.JIMClient'>, 'dfglkj', 'GLASHA', 'DASHA'), {}. Используемый модуль: common.jimbase и функция self._bootstrap_inner(). Также была вызвана функция send_message.
2021-03-30 00:36:36,114 DEBUG jimbase.py Сформирован словарь сообщения: {'action': 'message', 'sender': 'GLASHA', 'to': 'DASHA', 'time': 1617053796.1149116, 'mess_text': 'dfglkj'}
2021-03-30 00:36:36,116 DEBUG decorator.py Была вызвана функция send_message c параметрами (<common.json_messenger.JSONMessenger object at 0x03A82448>, {'action': 'message', 'sender': 'GLASHA', 'to': 'DASHA', 'time': 1617053796.1149116, 'mess_text': 'dfglkj'}), {}. Используемый модуль: common.json_messenger и функция self._bootstrap_inner(). Также была вызвана функция send_message.
2021-03-30 00:36:36,182 INFO client.py Получено сообщение от пользователя GLASHA:
dfglkj
2021-03-30 00:36:36,185 DEBUG decorator.py Была вызвана функция message_from_server c параметрами (<__main__.JIMClient object at 0x03A82430>,), {}. Используемый модуль: __main__ и функция self._bootstrap_inner(). Также была вызвана функция listen_func.
2021-03-30 00:36:36,188 DEBUG decorator.py Была вызвана функция get_message c параметрами (<common.json_messenger.JSONMessenger object at 0x03A82448>,), {}. Используемый модуль: common.json_messenger и функция self._bootstrap_inner(). Также была вызвана функция message_from_server.
